<?xml version="1.0" encoding="UTF-8"?>
<testsuite xmlns:xsi="http://www.w3.org/2001/XMLSchema-instance" xsi:noNamespaceSchemaLocation="https://maven.apache.org/surefire/maven-surefire-plugin/xsd/surefire-test-report-3.0.xsd" version="3.0" name="com.mybank.demo.controller.AccountsApiControllerIntegrationTests" time="9.085" tests="3" errors="0" skipped="0" failures="0">
  <properties>
[...]
</properties>
  <testcase name="whenPostNewAccountRequestWithInvalidCredit_thenErrorResponse" classname="com.mybank.demo.controller.AccountsApiControllerIntegrationTests" time="0.255"/>
  <testcase name="whenPostValidNewAccountRequest_thenSuccessfulResponse" classname="com.mybank.demo.controller.AccountsApiControllerIntegrationTests" time="0.05"/>
  <testcase name="whenGetAccountDetailsWithValidId_thenSuccessfulResponse" classname="com.mybank.demo.controller.AccountsApiControllerIntegrationTests" time="0.028"/>
</testsuite>